{"uuid":"bbc5faeb-f666-4143-bdef-aa2083063679","historyId":"ab07a00219131a08e54a40b30353512e","fullName":"SettingsTests.changeAccountPassword","labels":[{"name":"package","value":"SettingsTests"},{"name":"testClass","value":"SettingsTests"},{"name":"testMethod","value":"changeAccountPassword"},{"name":"parentSuite","value":"Default Suite"},{"name":"suite","value":"LetgoUITestAutomation"},{"name":"subSuite","value":"SettingsTests"},{"name":"host","value":"LAPTOP-TRA36UL4"},{"name":"thread","value":"13288@LAPTOP-TRA36UL4.main(1)"},{"name":"framework","value":"testng"},{"name":"language","value":"java"}],"links":[],"name":"Change the account password","status":"broken","statusDetails":{"known":false,"muted":false,"flaky":false,"message":"Index 0 out of bounds for length 0","trace":"java.lang.IndexOutOfBoundsException: Index 0 out of bounds for length 0\r\n\tat java.base/jdk.internal.util.Preconditions.outOfBounds(Preconditions.java:64)\r\n\tat java.base/jdk.internal.util.Preconditions.outOfBoundsCheckIndex(Preconditions.java:70)\r\n\tat java.base/jdk.internal.util.Preconditions.checkIndex(Preconditions.java:266)\r\n\tat java.base/java.util.Objects.checkIndex(Objects.java:361)\r\n\tat java.base/java.util.ArrayList.get(ArrayList.java:427)\r\n\tat Pages.UserSettings.clickMySettingsButton(UserSettings.java:16)\r\n\tat SettingsTests.changeAccountPassword(SettingsTests.java:30)\r\n\tat java.base/jdk.internal.reflect.NativeMethodAccessorImpl.invoke0(Native Method)\r\n\tat java.base/jdk.internal.reflect.NativeMethodAccessorImpl.invoke(NativeMethodAccessorImpl.java:77)\r\n\tat java.base/jdk.internal.reflect.DelegatingMethodAccessorImpl.invoke(DelegatingMethodAccessorImpl.java:43)\r\n\tat java.base/java.lang.reflect.Method.invoke(Method.java:568)\r\n\tat org.testng.internal.MethodInvocationHelper.invokeMethod(MethodInvocationHelper.java:133)\r\n\tat org.testng.internal.TestInvoker.invokeMethod(TestInvoker.java:598)\r\n\tat org.testng.internal.TestInvoker.invokeTestMethod(TestInvoker.java:173)\r\n\tat org.testng.internal.MethodRunner.runInSequence(MethodRunner.java:46)\r\n\tat org.testng.internal.TestInvoker$MethodInvocationAgent.invoke(TestInvoker.java:824)\r\n\tat org.testng.internal.TestInvoker.invokeTestMethods(TestInvoker.java:146)\r\n\tat org.testng.internal.TestMethodWorker.invokeTestMethods(TestMethodWorker.java:146)\r\n\tat org.testng.internal.TestMethodWorker.run(TestMethodWorker.java:128)\r\n\tat java.base/java.util.ArrayList.forEach(ArrayList.java:1511)\r\n\tat org.testng.TestRunner.privateRun(TestRunner.java:794)\r\n\tat org.testng.TestRunner.run(TestRunner.java:596)\r\n\tat org.testng.SuiteRunner.runTest(SuiteRunner.java:377)\r\n\tat org.testng.SuiteRunner.runSequentially(SuiteRunner.java:371)\r\n\tat org.testng.SuiteRunner.privateRun(SuiteRunner.java:332)\r\n\tat org.testng.SuiteRunner.run(SuiteRunner.java:276)\r\n\tat org.testng.SuiteRunnerWorker.runSuite(SuiteRunnerWorker.java:53)\r\n\tat org.testng.SuiteRunnerWorker.run(SuiteRunnerWorker.java:96)\r\n\tat org.testng.TestNG.runSuitesSequentially(TestNG.java:1212)\r\n\tat org.testng.TestNG.runSuitesLocally(TestNG.java:1134)\r\n\tat org.testng.TestNG.runSuites(TestNG.java:1063)\r\n\tat org.testng.TestNG.run(TestNG.java:1031)\r\n\tat com.intellij.rt.testng.IDEARemoteTestNG.run(IDEARemoteTestNG.java:65)\r\n\tat com.intellij.rt.testng.RemoteTestNGStarter.main(RemoteTestNGStarter.java:105)\r\n"},"stage":"finished","steps":[{"name":"Click on the button named 'Giriş'","status":"passed","stage":"finished","steps":[],"attachments":[],"parameters":[],"start":1721383158982,"stop":1721383159063},{"name":"Click on the 'E-posta adresiyle devam et' button","status":"passed","stage":"finished","steps":[],"attachments":[],"parameters":[],"start":1721383162068,"stop":1721383162137},{"name":"Check The Text For 'E-posta adresini gir'","status":"passed","stage":"finished","steps":[],"attachments":[],"parameters":[],"start":1721383165151,"stop":1721383165174},{"name":"Email field is filled","status":"passed","stage":"finished","steps":[],"attachments":[],"parameters":[{"name":"email","value":"ecemnazgorusuk@gmail.com"}],"start":1721383165176,"stop":1721383165256},{"name":"Click on the 'Devam et' button","status":"passed","stage":"finished","steps":[],"attachments":[],"parameters":[],"start":1721383165256,"stop":1721383165328},{"name":"Check The Text For 'Şifreni gir'","status":"passed","stage":"finished","steps":[],"attachments":[],"parameters":[],"start":1721383168341,"stop":1721383168356},{"name":"Welcome back message check","status":"passed","stage":"finished","steps":[],"attachments":[],"parameters":[],"start":1721383168356,"stop":1721383168371},{"name":"Password field is filled","status":"passed","stage":"finished","steps":[],"attachments":[],"parameters":[{"name":"password","value":"ecemberkakkavak01"}],"start":1721383168371,"stop":1721383168448},{"name":"Click on the 'Giriş Yap' button","status":"passed","stage":"finished","steps":[],"attachments":[],"parameters":[],"start":1721383168448,"stop":1721383168505},{"name":"Profile Icon Button Is Displayed","status":"passed","stage":"finished","steps":[],"attachments":[],"parameters":[],"start":1721383171513,"stop":1721383175567},{"name":"Click on the 'Ayarlar' button","status":"broken","statusDetails":{"known":false,"muted":false,"flaky":false,"message":"Index 0 out of bounds for length 0","trace":"java.lang.IndexOutOfBoundsException: Index 0 out of bounds for length 0\r\n\tat java.base/jdk.internal.util.Preconditions.outOfBounds(Preconditions.java:64)\r\n\tat java.base/jdk.internal.util.Preconditions.outOfBoundsCheckIndex(Preconditions.java:70)\r\n\tat java.base/jdk.internal.util.Preconditions.checkIndex(Preconditions.java:266)\r\n\tat java.base/java.util.Objects.checkIndex(Objects.java:361)\r\n\tat java.base/java.util.ArrayList.get(ArrayList.java:427)\r\n\tat Pages.UserSettings.clickMySettingsButton(UserSettings.java:16)\r\n\tat SettingsTests.changeAccountPassword(SettingsTests.java:30)\r\n\tat java.base/jdk.internal.reflect.NativeMethodAccessorImpl.invoke0(Native Method)\r\n\tat java.base/jdk.internal.reflect.NativeMethodAccessorImpl.invoke(NativeMethodAccessorImpl.java:77)\r\n\tat java.base/jdk.internal.reflect.DelegatingMethodAccessorImpl.invoke(DelegatingMethodAccessorImpl.java:43)\r\n\tat java.base/java.lang.reflect.Method.invoke(Method.java:568)\r\n\tat org.testng.internal.MethodInvocationHelper.invokeMethod(MethodInvocationHelper.java:133)\r\n\tat org.testng.internal.TestInvoker.invokeMethod(TestInvoker.java:598)\r\n\tat org.testng.internal.TestInvoker.invokeTestMethod(TestInvoker.java:173)\r\n\tat org.testng.internal.MethodRunner.runInSequence(MethodRunner.java:46)\r\n\tat org.testng.internal.TestInvoker$MethodInvocationAgent.invoke(TestInvoker.java:824)\r\n\tat org.testng.internal.TestInvoker.invokeTestMethods(TestInvoker.java:146)\r\n\tat org.testng.internal.TestMethodWorker.invokeTestMethods(TestMethodWorker.java:146)\r\n\tat org.testng.internal.TestMethodWorker.run(TestMethodWorker.java:128)\r\n\tat java.base/java.util.ArrayList.forEach(ArrayList.java:1511)\r\n\tat org.testng.TestRunner.privateRun(TestRunner.java:794)\r\n\tat org.testng.TestRunner.run(TestRunner.java:596)\r\n\tat org.testng.SuiteRunner.runTest(SuiteRunner.java:377)\r\n\tat org.testng.SuiteRunner.runSequentially(SuiteRunner.java:371)\r\n\tat org.testng.SuiteRunner.privateRun(SuiteRunner.java:332)\r\n\tat org.testng.SuiteRunner.run(SuiteRunner.java:276)\r\n\tat org.testng.SuiteRunnerWorker.runSuite(SuiteRunnerWorker.java:53)\r\n\tat org.testng.SuiteRunnerWorker.run(SuiteRunnerWorker.java:96)\r\n\tat org.testng.TestNG.runSuitesSequentially(TestNG.java:1212)\r\n\tat org.testng.TestNG.runSuitesLocally(TestNG.java:1134)\r\n\tat org.testng.TestNG.runSuites(TestNG.java:1063)\r\n\tat org.testng.TestNG.run(TestNG.java:1031)\r\n\tat com.intellij.rt.testng.IDEARemoteTestNG.run(IDEARemoteTestNG.java:65)\r\n\tat com.intellij.rt.testng.RemoteTestNGStarter.main(RemoteTestNGStarter.java:105)\r\n"},"stage":"finished","steps":[],"attachments":[],"parameters":[],"start":1721383175567,"stop":1721383175581}],"attachments":[],"parameters":[],"start":1721383158980,"stop":1721383175590}